[21:46:56] [Server thread/INFO]: Starting minecraft server version 1.12.2
[21:46:56] [Server thread/INFO]: Loading properties
[21:46:56] [Server thread/INFO]: Default game type: SURVIVAL
[21:46:57] [Server thread/INFO]: This server is running CraftBukkit version git-Spigot-dcd1643-e60fc34 (MC: 1.12.2) (Implementing API version 1.12.2-R0.1-SNAPSHOT)
[21:46:57] [Server thread/INFO]: Debug logging is disabled
[21:46:57] [Server thread/INFO]: Server Ping Player Sample Count: 12
[21:46:57] [Server thread/INFO]: Using 4 threads for Netty based IO
[21:46:57] [Server thread/INFO]: Generating keypair
[21:46:57] [Server thread/INFO]: Starting Minecraft server on *:25565
[21:46:57] [Server thread/INFO]: Using default channel type
[21:46:57] [Server thread/INFO]: **** Beginning UUID conversion, this may take A LONG time ****
[21:46:57] [Server thread/INFO]: Preparing level "world"
[21:46:57] [Server thread/INFO]: -------- World Settings For [world] --------
[21:46:57] [Server thread/INFO]: Arrow Despawn Rate: 1200
[21:46:57] [Server thread/INFO]: Item Merge Radius: 2.5
[21:46:57] [Server thread/INFO]: Item Despawn Rate: 6000
[21:46:57] [Server thread/INFO]: Allow Zombie Pigmen to spawn from portal blocks: true
[21:46:57] [Server thread/INFO]: Custom Map Seeds:  Village: 10387312 Feature: 14357617 Monument: 10387313 Slime: 987234911
[21:46:57] [Server thread/INFO]: Cactus Growth Modifier: 100%
[21:46:57] [Server thread/INFO]: Cane Growth Modifier: 100%
[21:46:57] [Server thread/INFO]: Melon Growth Modifier: 100%
[21:46:57] [Server thread/INFO]: Mushroom Growth Modifier: 100%
[21:46:57] [Server thread/INFO]: Pumpkin Growth Modifier: 100%
[21:46:57] [Server thread/INFO]: Sapling Growth Modifier: 100%
[21:46:57] [Server thread/INFO]: Wheat Growth Modifier: 100%
[21:46:57] [Server thread/INFO]: NetherWart Growth Modifier: 100%
[21:46:57] [Server thread/INFO]: Vine Growth Modifier: 100%
[21:46:57] [Server thread/INFO]: Cocoa Growth Modifier: 100%
[21:46:57] [Server thread/INFO]: Mob Spawn Range: 4
[21:46:57] [Server thread/INFO]: Max TNT Explosions: 100
[21:46:57] [Server thread/INFO]: Random Lighting Updates: false
[21:46:57] [Server thread/INFO]: Entity Tracking Range: Pl 48 / An 48 / Mo 48 / Mi 32 / Other 64
[21:46:57] [Server thread/INFO]: Tile Max Tick Time: 50ms Entity max Tick Time: 50ms
[21:46:57] [Server thread/INFO]: Entity Activation Range: An 32 / Mo 32 / Mi 16 / Tiv true
[21:46:57] [Server thread/INFO]: Structure Info Saving: true
[21:46:57] [Server thread/INFO]: Hopper Transfer: 8 Hopper Check: 1 Hopper Amount: 1
[21:46:57] [Server thread/INFO]: View Distance: 10
[21:46:57] [Server thread/INFO]: Zombie Aggressive Towards Villager: true
[21:46:57] [Server thread/INFO]: Experience Merge Radius: 3.0
[21:46:57] [Server thread/INFO]: Nerfing mobs spawned from spawners: false
[21:46:59] [Server thread/INFO]: -------- World Settings For [world_nether] --------
[21:46:59] [Server thread/INFO]: Arrow Despawn Rate: 1200
[21:46:59] [Server thread/INFO]: Item Merge Radius: 2.5
[21:46:59] [Server thread/INFO]: Item Despawn Rate: 6000
[21:46:59] [Server thread/INFO]: Allow Zombie Pigmen to spawn from portal blocks: true
[21:46:59] [Server thread/INFO]: Custom Map Seeds:  Village: 10387312 Feature: 14357617 Monument: 10387313 Slime: 987234911
[21:46:59] [Server thread/INFO]: Cactus Growth Modifier: 100%
[21:46:59] [Server thread/INFO]: Cane Growth Modifier: 100%
[21:46:59] [Server thread/INFO]: Melon Growth Modifier: 100%
[21:46:59] [Server thread/INFO]: Mushroom Growth Modifier: 100%
[21:46:59] [Server thread/INFO]: Pumpkin Growth Modifier: 100%
[21:46:59] [Server thread/INFO]: Sapling Growth Modifier: 100%
[21:46:59] [Server thread/INFO]: Wheat Growth Modifier: 100%
[21:46:59] [Server thread/INFO]: NetherWart Growth Modifier: 100%
[21:46:59] [Server thread/INFO]: Vine Growth Modifier: 100%
[21:46:59] [Server thread/INFO]: Cocoa Growth Modifier: 100%
[21:46:59] [Server thread/INFO]: Mob Spawn Range: 4
[21:46:59] [Server thread/INFO]: Max TNT Explosions: 100
[21:46:59] [Server thread/INFO]: Random Lighting Updates: false
[21:46:59] [Server thread/INFO]: Entity Tracking Range: Pl 48 / An 48 / Mo 48 / Mi 32 / Other 64
[21:46:59] [Server thread/INFO]: Tile Max Tick Time: 50ms Entity max Tick Time: 50ms
[21:46:59] [Server thread/INFO]: Entity Activation Range: An 32 / Mo 32 / Mi 16 / Tiv true
[21:46:59] [Server thread/INFO]: Structure Info Saving: true
[21:46:59] [Server thread/INFO]: Hopper Transfer: 8 Hopper Check: 1 Hopper Amount: 1
[21:46:59] [Server thread/INFO]: View Distance: 10
[21:46:59] [Server thread/INFO]: Zombie Aggressive Towards Villager: true
[21:46:59] [Server thread/INFO]: Experience Merge Radius: 3.0
[21:46:59] [Server thread/INFO]: Nerfing mobs spawned from spawners: false
[21:46:59] [Server thread/INFO]: -------- World Settings For [world_the_end] --------
[21:46:59] [Server thread/INFO]: Arrow Despawn Rate: 1200
[21:46:59] [Server thread/INFO]: Item Merge Radius: 2.5
[21:46:59] [Server thread/INFO]: Item Despawn Rate: 6000
[21:46:59] [Server thread/INFO]: Allow Zombie Pigmen to spawn from portal blocks: true
[21:46:59] [Server thread/INFO]: Custom Map Seeds:  Village: 10387312 Feature: 14357617 Monument: 10387313 Slime: 987234911
[21:46:59] [Server thread/INFO]: Cactus Growth Modifier: 100%
[21:46:59] [Server thread/INFO]: Cane Growth Modifier: 100%
[21:46:59] [Server thread/INFO]: Melon Growth Modifier: 100%
[21:46:59] [Server thread/INFO]: Mushroom Growth Modifier: 100%
[21:46:59] [Server thread/INFO]: Pumpkin Growth Modifier: 100%
[21:46:59] [Server thread/INFO]: Sapling Growth Modifier: 100%
[21:46:59] [Server thread/INFO]: Wheat Growth Modifier: 100%
[21:46:59] [Server thread/INFO]: NetherWart Growth Modifier: 100%
[21:46:59] [Server thread/INFO]: Vine Growth Modifier: 100%
[21:46:59] [Server thread/INFO]: Cocoa Growth Modifier: 100%
[21:46:59] [Server thread/INFO]: Mob Spawn Range: 4
[21:46:59] [Server thread/INFO]: Max TNT Explosions: 100
[21:46:59] [Server thread/INFO]: Random Lighting Updates: false
[21:46:59] [Server thread/INFO]: Entity Tracking Range: Pl 48 / An 48 / Mo 48 / Mi 32 / Other 64
[21:46:59] [Server thread/INFO]: Tile Max Tick Time: 50ms Entity max Tick Time: 50ms
[21:46:59] [Server thread/INFO]: Entity Activation Range: An 32 / Mo 32 / Mi 16 / Tiv true
[21:46:59] [Server thread/INFO]: Structure Info Saving: true
[21:46:59] [Server thread/INFO]: Hopper Transfer: 8 Hopper Check: 1 Hopper Amount: 1
[21:46:59] [Server thread/INFO]: View Distance: 10
[21:46:59] [Server thread/INFO]: Zombie Aggressive Towards Villager: true
[21:46:59] [Server thread/INFO]: Experience Merge Radius: 3.0
[21:46:59] [Server thread/INFO]: Nerfing mobs spawned from spawners: false
[21:46:59] [Server thread/INFO]: Preparing start region for level 0 (Seed: -2308452819944515109)
[21:47:00] [Server thread/INFO]: Preparing spawn area: 6%
[21:47:01] [Server thread/INFO]: Preparing spawn area: 12%
[21:47:02] [Server thread/INFO]: Preparing spawn area: 19%
[21:47:03] [Server thread/INFO]: Preparing spawn area: 27%
[21:47:04] [Server thread/INFO]: Preparing spawn area: 37%
[21:47:05] [Server thread/INFO]: Preparing spawn area: 47%
[21:47:06] [Server thread/INFO]: Preparing spawn area: 59%
[21:47:07] [Server thread/INFO]: Preparing spawn area: 70%
[21:47:08] [Server thread/INFO]: Preparing spawn area: 82%
[21:47:09] [Server thread/INFO]: Preparing spawn area: 93%
[21:47:10] [Server thread/INFO]: Preparing start region for level 1 (Seed: -2308452819944515109)
[21:47:11] [Server thread/INFO]: Preparing spawn area: 15%
[21:47:12] [Server thread/INFO]: Preparing spawn area: 29%
[21:47:13] [Server thread/INFO]: Preparing spawn area: 48%
[21:47:14] [Server thread/INFO]: Preparing spawn area: 63%
[21:47:15] [Server thread/INFO]: Preparing spawn area: 79%
[21:47:16] [Server thread/INFO]: Preparing spawn area: 98%
[21:47:16] [Server thread/INFO]: Preparing start region for level 2 (Seed: -2308452819944515109)
[21:47:17] [Server thread/INFO]: Preparing spawn area: 49%
[21:47:18] [Server thread/INFO]: Done (20,540s)! For help, type "help" or "?"
